2025-07-02 12:26:16: info: Successfully started server
2025-07-04 11:17:23: info: Successfully started server
2025-07-04 11:17:23: info: Successfully started server
2025-07-09 11:07:19: info: Successfully started server
2025-07-09 11:07:20: info: Successfully started server
2025-07-09 12:10:24: info: Successfully started server
2025-07-09 12:10:25: info: Successfully started server
2025-07-10 15:01:29: info: Successfully started server
2025-07-10 15:01:29: info: Successfully started server
2025-07-10 15:09:45: info: Successfully started server
2025-07-10 16:41:03: error: Something went wrong in the Crud Repo: create
2025-07-10 18:50:44: error: Something went wrong in the Crud Repo: create
2025-07-10 19:14:54: error: Something went wrong in the Crud Repo: create
2025-07-11 12:48:54: error: Something went wrong in the Crud Repo: get
2025-07-11 12:49:43: error: Something went wrong in the Crud Repo: get
2025-07-11 20:15:17: error: Something went wrong in the Crud Repo: create
2025-07-12 01:22:51: error: Something went wrong in the Crud Repo: getByAttribute - undefined
2025-07-12 02:25:48: error: Somthing went wrong in Crud Repo: findOne
2025-07-12 02:27:15: error: Somthing went wrong in Crud Repo: findOne
2025-07-13 01:49:28: error: Something went wrong in the Crud Repo: create
2025-07-15 01:41:48: error: Somthing went wrong in Crud Repo: findOne
2025-07-17 00:19:47: error: Something went wrong in the Crud Repo: getAll
2025-07-17 00:22:54: error: Something went wrong in the Crud Repo: getAll
2025-07-17 00:24:12: error: Something went wrong in the Crud Repo: getAll
2025-07-17 00:24:42: error: Something went wrong in the Crud Repo: getAll
2025-07-17 00:25:52: error: Something went wrong in the Crud Repo: getAll
2025-07-17 00:26:49: error: Somthing went wrong in Crud Repo: findOne
2025-07-17 00:29:43: error: Somthing went wrong in Crud Repo: findOne
2025-07-17 00:34:02: error: Somthing went wrong in Crud Repo: findOne
2025-07-17 00:34:54: error: Somthing went wrong in Crud Repo: findOne
2025-07-17 00:36:20: error: Something went wrong in the Crud Repo: getAll
2025-07-19 15:02:55: error: Something went wrong in the Crud Repo: create
